<?xml version="1.0" encoding="UTF-8"?>
<!-- Generated by org.testng.reporters.JUnitXMLReporter -->
<testsuite ignored="0" hostname="ACD-002" failures="1" tests="2" name="navigate" time="5.072" errors="0" timestamp="02 Aug 2019 12:30:44 GMT">
  <testcase classname="PaymentMethod.CreditCard" name="NavigateToPaymentMethods" time="3.102"/>
  <testcase classname="PaymentMethod.CreditCard" name="VerifyLabels" time="1.965">
    <failure type="java.lang.AssertionError" message="expected [Credit Card] but found []">
      <![CDATA[java.lang.AssertionError: expected [Credit Card] but found []
at PaymentMethods.CreditCard.VerifyLabelsAndValidations.VerifyLabels(VerifyLabelsAndValidations.java:77)
at PaymentMethod.CreditCard.VerifyLabels(CreditCard.java:28)
... Removed 31 stack frames]]>
    </failure>
  </testcase> <!-- VerifyLabels -->
</testsuite> <!-- navigate -->
