<?xml version="1.0" encoding="UTF-8"?>
<testng-results skipped="5" failed="0" ignored="0" total="17" passed="12">
  <reporter-output>
  </reporter-output>
  <suite name="Assignment 1" duration-ms="21618" started-at="2019-04-07T08:05:51Z" finished-at="2019-04-07T08:06:13Z">
    <groups>
    </groups>
    <test name="log-in" duration-ms="21618" started-at="2019-04-07T08:05:51Z" finished-at="2019-04-07T08:06:13Z">
      <class name="login.Login">
        <test-method status="PASS" signature="openBrowser(java.lang.String, java.lang.String)[pri:0, instance:login.Login@1e88b3c]" name="openBrowser" duration-ms="12476" started-at="2019-04-07T08:05:51Z" finished-at="2019-04-07T08:06:04Z">
          <params>
            <param index="0">
              <value>
                <![CDATA[chrome]]>
              </value>
            </param>
            <param index="1">
              <value>
                <![CDATA[live]]>
              </value>
            </param>
          </params>
          <reporter-output>
          </reporter-output>
        </test-method> <!-- openBrowser -->
        <test-method status="PASS" signature="elementVerification()[pri:1, instance:login.Login@1e88b3c]" name="elementVerification" duration-ms="1034" started-at="2019-04-07T08:06:04Z" finished-at="2019-04-07T08:06:05Z">
          <reporter-output>
          </reporter-output>
        </test-method> <!-- elementVerification -->
        <test-method status="PASS" signature="setLoginDetails(java.lang.String, java.lang.String, java.lang.String, java.lang.String, java.lang.String, java.lang.String, java.lang.String)[pri:2, instance:login.Login@1e88b3c]" name="setLoginDetails" duration-ms="2208" started-at="2019-04-07T08:06:05Z" finished-at="2019-04-07T08:06:07Z">
          <params>
            <param index="0">
              <value>
                <![CDATA[MIcK]]>
              </value>
            </param>
            <param index="1">
              <value>
                <![CDATA[9511999070]]>
              </value>
            </param>
            <param index="2">
              <value>
                <![CDATA[shivam.raghuwanshi@amla.io]]>
              </value>
            </param>
            <param index="3">
              <value>
                <![CDATA[India]]>
              </value>
            </param>
            <param index="4">
              <value>
                <![CDATA[Bangalore]]>
              </value>
            </param>
            <param index="5">
              <value>
                <![CDATA[9Rules]]>
              </value>
            </param>
            <param index="6">
              <value>
                <![CDATA[9rules@WAY2]]>
              </value>
            </param>
          </params>
          <reporter-output>
          </reporter-output>
        </test-method> <!-- setLoginDetails -->
      </class> <!-- login.Login -->
      <class name="landing.Landing">
        <test-method status="PASS" signature="verifySectionCount()[pri:4, instance:landing.Landing@42d80b78]" name="verifySectionCount" duration-ms="80" started-at="2019-04-07T08:06:07Z" finished-at="2019-04-07T08:06:07Z">
          <reporter-output>
          </reporter-output>
        </test-method> <!-- verifySectionCount -->
        <test-method status="PASS" signature="verifyBoxesCount()[pri:5, instance:landing.Landing@42d80b78]" name="verifyBoxesCount" duration-ms="741" started-at="2019-04-07T08:06:07Z" finished-at="2019-04-07T08:06:08Z">
          <reporter-output>
          </reporter-output>
        </test-method> <!-- verifyBoxesCount -->
        <test-method status="PASS" signature="verifyAllSections()[pri:6, instance:landing.Landing@42d80b78]" name="verifyAllSections" duration-ms="1028" started-at="2019-04-07T08:06:08Z" finished-at="2019-04-07T08:06:09Z">
          <reporter-output>
          </reporter-output>
        </test-method> <!-- verifyAllSections -->
        <test-method status="PASS" signature="verifyAllTiles()[pri:7, instance:landing.Landing@42d80b78]" name="verifyAllTiles" duration-ms="1012" started-at="2019-04-07T08:06:09Z" finished-at="2019-04-07T08:06:10Z">
          <reporter-output>
          </reporter-output>
        </test-method> <!-- verifyAllTiles -->
        <test-method status="PASS" signature="boxForSection(java.lang.String)[pri:8, instance:landing.Landing@42d80b78]" name="boxForSection" duration-ms="329" started-at="2019-04-07T08:06:10Z" finished-at="2019-04-07T08:06:10Z">
          <params>
            <param index="0">
              <value>
                <![CDATA[Widget]]>
              </value>
            </param>
          </params>
          <reporter-output>
          </reporter-output>
        </test-method> <!-- boxForSection -->
        <test-method status="PASS" signature="selectTile(java.lang.String)[pri:9, instance:landing.Landing@42d80b78]" name="selectTile" duration-ms="1831" started-at="2019-04-07T08:06:10Z" finished-at="2019-04-07T08:06:12Z">
          <params>
            <param index="0">
              <value>
                <![CDATA[Draggable]]>
              </value>
            </param>
          </params>
          <reporter-output>
          </reporter-output>
        </test-method> <!-- selectTile -->
      </class> <!-- landing.Landing -->
      <class name="interaction.Draggable">
        <test-method status="PASS" signature="isinDraggable()[pri:10, instance:interaction.Draggable@3bfdc050]" name="isinDraggable" duration-ms="78" started-at="2019-04-07T08:06:12Z" finished-at="2019-04-07T08:06:12Z">
          <reporter-output>
          </reporter-output>
        </test-method> <!-- isinDraggable -->
        <test-method status="PASS" signature="selectFeature(java.lang.String)[pri:11, instance:interaction.Draggable@3bfdc050]" name="selectFeature" duration-ms="105" started-at="2019-04-07T08:06:12Z" finished-at="2019-04-07T08:06:12Z">
          <params>
            <param index="0">
              <value>
                <![CDATA[Cursor style]]>
              </value>
            </param>
          </params>
          <reporter-output>
          </reporter-output>
        </test-method> <!-- selectFeature -->
        <test-method status="SKIP" signature="dragMeAround(int, int, java.lang.String)[pri:12, instance:interaction.Draggable@3bfdc050]" name="dragMeAround" duration-ms="1" started-at="2019-04-07T08:06:12Z" finished-at="2019-04-07T08:06:12Z">
          <params>
            <param index="0">
              <value>
                <![CDATA[100]]>
              </value>
            </param>
            <param index="1">
              <value>
                <![CDATA[70]]>
              </value>
            </param>
            <param index="2">
              <value>
                <![CDATA[Cursor style]]>
              </value>
            </param>
          </params>
          <exception class="org.testng.SkipException">
            <message>
              <![CDATA[The Default Functionality is not selected for the execution]]>
            </message>
            <full-stacktrace>
              <![CDATA[org.testng.SkipException: The Default Functionality is not selected for the execution
at interaction.Draggable.dragMeAround(Draggable.java:64)
at sun.reflect.NativeMethodAccessorImpl.invoke0(Native Method)
at sun.reflect.NativeMethodAccessorImpl.invoke(NativeMethodAccessorImpl.java:62)
at sun.reflect.DelegatingMethodAccessorImpl.invoke(DelegatingMethodAccessorImpl.java:43)
at java.lang.reflect.Method.invoke(Method.java:498)
at org.testng.internal.MethodInvocationHelper.invokeMethod(MethodInvocationHelper.java:124)
at org.testng.internal.Invoker.invokeMethod(Invoker.java:583)
at org.testng.internal.Invoker.invokeTestMethod(Invoker.java:719)
at org.testng.internal.Invoker.invokeTestMethods(Invoker.java:989)
at org.testng.internal.TestMethodWorker.invokeTestMethods(TestMethodWorker.java:125)
at org.testng.internal.TestMethodWorker.run(TestMethodWorker.java:109)
at org.testng.TestRunner.privateRun(TestRunner.java:648)
at org.testng.TestRunner.run(TestRunner.java:505)
at org.testng.SuiteRunner.runTest(SuiteRunner.java:455)
at org.testng.SuiteRunner.runSequentially(SuiteRunner.java:450)
at org.testng.SuiteRunner.privateRun(SuiteRunner.java:415)
at org.testng.SuiteRunner.run(SuiteRunner.java:364)
at org.testng.SuiteRunnerWorker.runSuite(SuiteRunnerWorker.java:52)
at org.testng.SuiteRunnerWorker.run(SuiteRunnerWorker.java:84)
at org.testng.TestNG.runSuitesSequentially(TestNG.java:1208)
at org.testng.TestNG.runSuitesLocally(TestNG.java:1137)
at org.testng.TestNG.runSuites(TestNG.java:1049)
at org.testng.TestNG.run(TestNG.java:1017)
at org.testng.remote.AbstractRemoteTestNG.run(AbstractRemoteTestNG.java:115)
at org.testng.remote.RemoteTestNG.initAndRun(RemoteTestNG.java:251)
at org.testng.remote.RemoteTestNG.main(RemoteTestNG.java:77)
]]>
            </full-stacktrace>
          </exception> <!-- org.testng.SkipException -->
          <reporter-output>
          </reporter-output>
        </test-method> <!-- dragMeAround -->
        <test-method status="SKIP" signature="verticalDragOnly(int, int, java.lang.String)[pri:13, instance:interaction.Draggable@3bfdc050]" name="verticalDragOnly" duration-ms="2" started-at="2019-04-07T08:06:12Z" finished-at="2019-04-07T08:06:12Z">
          <params>
            <param index="0">
              <value>
                <![CDATA[100]]>
              </value>
            </param>
            <param index="1">
              <value>
                <![CDATA[70]]>
              </value>
            </param>
            <param index="2">
              <value>
                <![CDATA[Cursor style]]>
              </value>
            </param>
          </params>
          <exception class="org.testng.SkipException">
            <message>
              <![CDATA[The Constrain movement Functionality is not selected for the execution]]>
            </message>
            <full-stacktrace>
              <![CDATA[org.testng.SkipException: The Constrain movement Functionality is not selected for the execution
at interaction.Draggable.verticalDragOnly(Draggable.java:83)
at sun.reflect.NativeMethodAccessorImpl.invoke0(Native Method)
at sun.reflect.NativeMethodAccessorImpl.invoke(NativeMethodAccessorImpl.java:62)
at sun.reflect.DelegatingMethodAccessorImpl.invoke(DelegatingMethodAccessorImpl.java:43)
at java.lang.reflect.Method.invoke(Method.java:498)
at org.testng.internal.MethodInvocationHelper.invokeMethod(MethodInvocationHelper.java:124)
at org.testng.internal.Invoker.invokeMethod(Invoker.java:583)
at org.testng.internal.Invoker.invokeTestMethod(Invoker.java:719)
at org.testng.internal.Invoker.invokeTestMethods(Invoker.java:989)
at org.testng.internal.TestMethodWorker.invokeTestMethods(TestMethodWorker.java:125)
at org.testng.internal.TestMethodWorker.run(TestMethodWorker.java:109)
at org.testng.TestRunner.privateRun(TestRunner.java:648)
at org.testng.TestRunner.run(TestRunner.java:505)
at org.testng.SuiteRunner.runTest(SuiteRunner.java:455)
at org.testng.SuiteRunner.runSequentially(SuiteRunner.java:450)
at org.testng.SuiteRunner.privateRun(SuiteRunner.java:415)
at org.testng.SuiteRunner.run(SuiteRunner.java:364)
at org.testng.SuiteRunnerWorker.runSuite(SuiteRunnerWorker.java:52)
at org.testng.SuiteRunnerWorker.run(SuiteRunnerWorker.java:84)
at org.testng.TestNG.runSuitesSequentially(TestNG.java:1208)
at org.testng.TestNG.runSuitesLocally(TestNG.java:1137)
at org.testng.TestNG.runSuites(TestNG.java:1049)
at org.testng.TestNG.run(TestNG.java:1017)
at org.testng.remote.AbstractRemoteTestNG.run(AbstractRemoteTestNG.java:115)
at org.testng.remote.RemoteTestNG.initAndRun(RemoteTestNG.java:251)
at org.testng.remote.RemoteTestNG.main(RemoteTestNG.java:77)
]]>
            </full-stacktrace>
          </exception> <!-- org.testng.SkipException -->
          <reporter-output>
          </reporter-output>
        </test-method> <!-- verticalDragOnly -->
        <test-method status="SKIP" signature="horzontalDragOnly(int, int, java.lang.String)[pri:14, instance:interaction.Draggable@3bfdc050]" name="horzontalDragOnly" duration-ms="1" started-at="2019-04-07T08:06:12Z" finished-at="2019-04-07T08:06:12Z">
          <params>
            <param index="0">
              <value>
                <![CDATA[100]]>
              </value>
            </param>
            <param index="1">
              <value>
                <![CDATA[70]]>
              </value>
            </param>
            <param index="2">
              <value>
                <![CDATA[Cursor style]]>
              </value>
            </param>
          </params>
          <exception class="org.testng.SkipException">
            <message>
              <![CDATA[The Constrain movement Functionality is not selected for the execution]]>
            </message>
            <full-stacktrace>
              <![CDATA[org.testng.SkipException: The Constrain movement Functionality is not selected for the execution
at interaction.Draggable.horzontalDragOnly(Draggable.java:102)
at sun.reflect.NativeMethodAccessorImpl.invoke0(Native Method)
at sun.reflect.NativeMethodAccessorImpl.invoke(NativeMethodAccessorImpl.java:62)
at sun.reflect.DelegatingMethodAccessorImpl.invoke(DelegatingMethodAccessorImpl.java:43)
at java.lang.reflect.Method.invoke(Method.java:498)
at org.testng.internal.MethodInvocationHelper.invokeMethod(MethodInvocationHelper.java:124)
at org.testng.internal.Invoker.invokeMethod(Invoker.java:583)
at org.testng.internal.Invoker.invokeTestMethod(Invoker.java:719)
at org.testng.internal.Invoker.invokeTestMethods(Invoker.java:989)
at org.testng.internal.TestMethodWorker.invokeTestMethods(TestMethodWorker.java:125)
at org.testng.internal.TestMethodWorker.run(TestMethodWorker.java:109)
at org.testng.TestRunner.privateRun(TestRunner.java:648)
at org.testng.TestRunner.run(TestRunner.java:505)
at org.testng.SuiteRunner.runTest(SuiteRunner.java:455)
at org.testng.SuiteRunner.runSequentially(SuiteRunner.java:450)
at org.testng.SuiteRunner.privateRun(SuiteRunner.java:415)
at org.testng.SuiteRunner.run(SuiteRunner.java:364)
at org.testng.SuiteRunnerWorker.runSuite(SuiteRunnerWorker.java:52)
at org.testng.SuiteRunnerWorker.run(SuiteRunnerWorker.java:84)
at org.testng.TestNG.runSuitesSequentially(TestNG.java:1208)
at org.testng.TestNG.runSuitesLocally(TestNG.java:1137)
at org.testng.TestNG.runSuites(TestNG.java:1049)
at org.testng.TestNG.run(TestNG.java:1017)
at org.testng.remote.AbstractRemoteTestNG.run(AbstractRemoteTestNG.java:115)
at org.testng.remote.RemoteTestNG.initAndRun(RemoteTestNG.java:251)
at org.testng.remote.RemoteTestNG.main(RemoteTestNG.java:77)
]]>
            </full-stacktrace>
          </exception> <!-- org.testng.SkipException -->
          <reporter-output>
          </reporter-output>
        </test-method> <!-- horzontalDragOnly -->
        <test-method status="SKIP" signature="dragWithInBox(java.lang.String)[pri:15, instance:interaction.Draggable@3bfdc050]" name="dragWithInBox" duration-ms="2" started-at="2019-04-07T08:06:12Z" finished-at="2019-04-07T08:06:12Z">
          <params>
            <param index="0">
              <value>
                <![CDATA[Cursor style]]>
              </value>
            </param>
          </params>
          <exception class="org.testng.SkipException">
            <message>
              <![CDATA[The Constrain movement Functionality is not selected for the execution]]>
            </message>
            <full-stacktrace>
              <![CDATA[org.testng.SkipException: The Constrain movement Functionality is not selected for the execution
at interaction.Draggable.dragWithInBox(Draggable.java:120)
at sun.reflect.NativeMethodAccessorImpl.invoke0(Native Method)
at sun.reflect.NativeMethodAccessorImpl.invoke(NativeMethodAccessorImpl.java:62)
at sun.reflect.DelegatingMethodAccessorImpl.invoke(DelegatingMethodAccessorImpl.java:43)
at java.lang.reflect.Method.invoke(Method.java:498)
at org.testng.internal.MethodInvocationHelper.invokeMethod(MethodInvocationHelper.java:124)
at org.testng.internal.Invoker.invokeMethod(Invoker.java:583)
at org.testng.internal.Invoker.invokeTestMethod(Invoker.java:719)
at org.testng.internal.Invoker.invokeTestMethods(Invoker.java:989)
at org.testng.internal.TestMethodWorker.invokeTestMethods(TestMethodWorker.java:125)
at org.testng.internal.TestMethodWorker.run(TestMethodWorker.java:109)
at org.testng.TestRunner.privateRun(TestRunner.java:648)
at org.testng.TestRunner.run(TestRunner.java:505)
at org.testng.SuiteRunner.runTest(SuiteRunner.java:455)
at org.testng.SuiteRunner.runSequentially(SuiteRunner.java:450)
at org.testng.SuiteRunner.privateRun(SuiteRunner.java:415)
at org.testng.SuiteRunner.run(SuiteRunner.java:364)
at org.testng.SuiteRunnerWorker.runSuite(SuiteRunnerWorker.java:52)
at org.testng.SuiteRunnerWorker.run(SuiteRunnerWorker.java:84)
at org.testng.TestNG.runSuitesSequentially(TestNG.java:1208)
at org.testng.TestNG.runSuitesLocally(TestNG.java:1137)
at org.testng.TestNG.runSuites(TestNG.java:1049)
at org.testng.TestNG.run(TestNG.java:1017)
at org.testng.remote.AbstractRemoteTestNG.run(AbstractRemoteTestNG.java:115)
at org.testng.remote.RemoteTestNG.initAndRun(RemoteTestNG.java:251)
at org.testng.remote.RemoteTestNG.main(RemoteTestNG.java:77)
]]>
            </full-stacktrace>
          </exception> <!-- org.testng.SkipException -->
          <reporter-output>
          </reporter-output>
        </test-method> <!-- dragWithInBox -->
        <test-method status="SKIP" signature="dragContainedParent(java.lang.String)[pri:16, instance:interaction.Draggable@3bfdc050]" name="dragContainedParent" duration-ms="1" started-at="2019-04-07T08:06:12Z" finished-at="2019-04-07T08:06:12Z">
          <params>
            <param index="0">
              <value>
                <![CDATA[Cursor style]]>
              </value>
            </param>
          </params>
          <exception class="org.testng.SkipException">
            <message>
              <![CDATA[The Constrain movement Functionality is not selected for the execution]]>
            </message>
            <full-stacktrace>
              <![CDATA[org.testng.SkipException: The Constrain movement Functionality is not selected for the execution
at interaction.Draggable.dragContainedParent(Draggable.java:137)
at sun.reflect.NativeMethodAccessorImpl.invoke0(Native Method)
at sun.reflect.NativeMethodAccessorImpl.invoke(NativeMethodAccessorImpl.java:62)
at sun.reflect.DelegatingMethodAccessorImpl.invoke(DelegatingMethodAccessorImpl.java:43)
at java.lang.reflect.Method.invoke(Method.java:498)
at org.testng.internal.MethodInvocationHelper.invokeMethod(MethodInvocationHelper.java:124)
at org.testng.internal.Invoker.invokeMethod(Invoker.java:583)
at org.testng.internal.Invoker.invokeTestMethod(Invoker.java:719)
at org.testng.internal.Invoker.invokeTestMethods(Invoker.java:989)
at org.testng.internal.TestMethodWorker.invokeTestMethods(TestMethodWorker.java:125)
at org.testng.internal.TestMethodWorker.run(TestMethodWorker.java:109)
at org.testng.TestRunner.privateRun(TestRunner.java:648)
at org.testng.TestRunner.run(TestRunner.java:505)
at org.testng.SuiteRunner.runTest(SuiteRunner.java:455)
at org.testng.SuiteRunner.runSequentially(SuiteRunner.java:450)
at org.testng.SuiteRunner.privateRun(SuiteRunner.java:415)
at org.testng.SuiteRunner.run(SuiteRunner.java:364)
at org.testng.SuiteRunnerWorker.runSuite(SuiteRunnerWorker.java:52)
at org.testng.SuiteRunnerWorker.run(SuiteRunnerWorker.java:84)
at org.testng.TestNG.runSuitesSequentially(TestNG.java:1208)
at org.testng.TestNG.runSuitesLocally(TestNG.java:1137)
at org.testng.TestNG.runSuites(TestNG.java:1049)
at org.testng.TestNG.run(TestNG.java:1017)
at org.testng.remote.AbstractRemoteTestNG.run(AbstractRemoteTestNG.java:115)
at org.testng.remote.RemoteTestNG.initAndRun(RemoteTestNG.java:251)
at org.testng.remote.RemoteTestNG.main(RemoteTestNG.java:77)
]]>
            </full-stacktrace>
          </exception> <!-- org.testng.SkipException -->
          <reporter-output>
          </reporter-output>
        </test-method> <!-- dragContainedParent -->
      </class> <!-- interaction.Draggable -->
      <class name="interaction.CursorStyle">
        <test-method status="PASS" signature="centerCursorDrag(java.lang.String, int, int)[pri:17, instance:interaction.CursorStyle@1bce4f0a]" name="centerCursorDrag" duration-ms="578" started-at="2019-04-07T08:06:12Z" finished-at="2019-04-07T08:06:13Z">
          <params>
            <param index="0">
              <value>
                <![CDATA[Cursor style]]>
              </value>
            </param>
            <param index="1">
              <value>
                <![CDATA[100]]>
              </value>
            </param>
            <param index="2">
              <value>
                <![CDATA[70]]>
              </value>
            </param>
          </params>
          <reporter-output>
          </reporter-output>
        </test-method> <!-- centerCursorDrag -->
      </class> <!-- interaction.CursorStyle -->
    </test> <!-- log-in -->
  </suite> <!-- Assignment 1 -->
</testng-results>
